<?xml version="1.0" encoding="UTF-8"?>
<!-- Generated by org.testng.reporters.JUnitReportReporter -->
<testsuite skipped="0" hostname="LAPTOP-GJH257J4" name="com.dineshvelhal.tests.LoginTests" tests="2" failures="0" timestamp="13 Oct 2019 08:01:18 GMT" time="2.016" errors="0">
  <testcase name="successful_login_test" time="0.957" classname="com.dineshvelhal.tests.LoginTests"/>
  <testcase name="unsuccessful_login_test" time="1.059" classname="com.dineshvelhal.tests.LoginTests"/>
</testsuite> <!-- com.dineshvelhal.tests.LoginTests -->
